{"/home/leograciano/projects/pessoal/study_react_project_1_udemy_lom/src/components/Button/index.jsx": {"path":"/home/leograciano/projects/pessoal/study_react_project_1_udemy_lom/src/components/Button/index.jsx","statementMap":{"0":{"start":{"line":7,"column":40},"end":{"line":7,"column":50}},"1":{"start":{"line":9,"column":4},"end":{"line":17,"column":6}}},"fnMap":{"0":{"name":"(anonymous_0)","decl":{"start":{"line":6,"column":2},"end":{"line":6,"column":3}},"loc":{"start":{"line":6,"column":11},"end":{"line":18,"column":3}},"line":6}},"branchMap":{},"s":{"0":3,"1":3},"f":{"0":3},"b":{},"_coverageSchema":"1a1c01bbd47fc00a2c39e90264f33305004495a9","hash":"c20ca9756a488a93c37008f3396d19f053cce591"}
}
