TN:
SF:src/components/Button/index.jsx
FN:4,(anonymous_0)
FNF:1
FNH:1
FNDA:5,(anonymous_0)
DA:4,1
DA:5,5
DA:12,1
DA:16,1
LF:4
LH:4
BRDA:4,0,0,0
BRF:1
BRH:0
end_of_record
TN:
SF:src/components/PostCard/index.jsx
FN:4,(anonymous_0)
FNF:1
FNH:1
FNDA:8,(anonymous_0)
DA:4,2
DA:5,8
DA:14,2
LF:3
LH:3
BRF:0
BRH:0
end_of_record
TN:
SF:src/components/PostCard/mock.js
FNF:0
FNH:0
DA:1,1
LF:1
LH:1
BRF:0
BRH:0
end_of_record
TN:
SF:src/components/Posts/index.jsx
FN:6,(anonymous_0)
FN:8,(anonymous_1)
FNF:2
FNH:2
FNDA:3,(anonymous_0)
FNDA:6,(anonymous_1)
DA:6,1
DA:7,3
DA:9,6
DA:14,1
DA:18,1
LF:5
LH:5
BRDA:6,0,0,0
BRF:1
BRH:0
end_of_record
TN:
SF:src/components/TextInput/index.jsx
FN:5,(anonymous_0)
FNF:1
FNH:1
FNDA:3,(anonymous_0)
DA:5,1
DA:6,3
DA:17,1
LF:3
LH:3
BRF:0
BRH:0
end_of_record
